<?xml version="1.0" encoding="UTF-8"?>
<!-- Generated by org.testng.reporters.JUnitReportReporter -->
<testsuite hostname="VenkataAvinash" failures="0" tests="3" name="TestNG.BeforeAfterMethod" time="25.629" errors="0" timestamp="2024-07-03T09:25:15 IST" skipped="0">
  <testcase classname="TestNG.BeforeAfterMethod" name="Login" time="9.340"/>
  <system-out/>
  <testcase classname="TestNG.BeforeAfterMethod" name="Search" time="8.318"/>
  <system-out/>
  <testcase classname="TestNG.BeforeAfterMethod" name="CloseApp" time="7.971"/>
  <system-out/>
</testsuite> <!-- TestNG.BeforeAfterMethod -->
