<?xml version="1.0" encoding="UTF-8"?>
<!-- Generated by org.testng.reporters.JUnitReportReporter -->
<testsuite hostname="VenkataAvinash" failures="0" tests="2" name="POMTests.LoginTest" time="2.117" errors="0" timestamp="2024-07-13T21:17:46 IST" skipped="0">
  <testcase classname="POMTests.LoginTest" name="Header" time="0.053"/>
  <system-out/>
  <testcase classname="POMTests.LoginTest" name="Login" time="2.064"/>
  <system-out/>
</testsuite> <!-- POMTests.LoginTest -->
